44
3 4 9 12 13 14 16 17 19 20 21 22 25 26 29 33 35 36 37 38 39 40 41 45 47 49 50 52 54 55 57 59 60 63 64 66 68 69 71 76 80 82 85 90 
37
1 4 5 8 10 11 19 21 23 24 25 26 28 29 30 31 33 35 37 38 42 47 49 52 53 54 55 56 57 61 63 66 67 68 69 70 72 
34
1 2 3 7 10 13 14 16 17 18 19 21 22 23 24 29 30 36 37 41 42 43 48 49 51 52 53 54 63 65 67 68 69 70 
30
6 7 9 10 14 15 16 17 18 19 20 22 27 30 32 33 34 36 40 41 44 45 46 48 55 56 58 59 61 62 
44
1 4 7 9 13 14 15 16 17 23 26 31 33 35 39 40 41 43 45 49 50 51 52 53 54 57 59 61 63 65 66 69 71 75 76 77 83 84 85 86 88 90 91 93 
35
1 4 7 11 13 14 18 21 24 26 28 31 32 33 34 37 41 43 46 47 48 49 53 54 56 59 62 63 65 66 67 68 70 71 73 
42
1 2 3 5 8 10 12 14 15 17 18 19 20 21 22 24 25 26 28 31 33 35 41 43 44 47 53 57 60 64 65 66 68 72 73 74 76 77 80 83 84 85 
37
2 3 5 6 9 10 11 16 17 19 21 22 24 25 26 27 32 33 37 40 45 46 47 49 50 54 60 61 62 63 66 67 68 69 70 72 75 
44
1 4 5 6 10 12 18 19 22 24 25 26 30 32 34 35 36 40 41 42 44 46 48 49 50 52 54 56 60 61 64 65 68 70 71 72 75 76 77 79 81 82 84 90 
25
1 2 3 6 8 11 12 15 17 20 21 22 24 27 30 32 33 34 38 41 43 44 47 48 50 
34
1 3 4 6 9 10 14 16 17 19 22 24 25 26 30 31 32 36 37 38 39 46 48 49 51 52 53 57 58 61 62 64 65 66 
43
1 2 3 7 10 11 12 13 14 16 17 18 19 23 26 28 30 31 33 34 35 41 43 47 48 50 52 54 55 61 64 66 69 70 73 75 76 79 80 81 82 83 84 
25
2 3 8 10 12 14 17 19 20 21 23 25 26 28 30 34 40 41 42 43 44 48 49 51 52 
34
1 3 5 6 7 10 11 14 16 17 18 19 24 25 26 27 29 31 34 35 36 39 40 41 50 54 60 61 62 64 65 67 68 69 
23
3 6 7 16 19 21 22 24 25 27 28 29 30 34 35 36 38 39 43 45 47 49 50 
36
1 2 3 5 6 11 12 13 16 18 22 31 32 33 34 35 37 39 40 41 43 44 47 48 51 54 55 59 60 64 66 67 68 69 70 74 
36
1 4 10 13 14 16 17 19 20 23 24 25 26 28 34 36 41 44 46 48 49 52 55 56 59 60 62 64 65 66 67 70 71 72 73 74 
47
1 2 3 6 8 15 16 18 19 20 22 23 25 27 29 33 36 38 39 40 42 44 45 46 51 56 57 58 59 60 61 62 65 69 70 71 73 74 75 77 81 84 85 86 87 91 92 
25
2 5 10 11 17 20 21 24 25 26 29 30 31 32 35 38 40 44 45 46 49 50 51 53 55 
31
1 3 5 7 9 10 14 15 16 17 18 22 26 31 36 37 38 41 43 44 48 49 50 52 53 55 62 63 65 66 67 
25
1 3 4 7 9 15 16 17 20 21 22 23 26 28 30 33 36 38 39 41 43 45 49 50 51 
36
2 3 4 6 8 10 11 12 13 14 16 18 22 23 24 25 26 30 36 38 40 45 47 50 51 52 54 57 58 60 62 63 66 67 72 73 
39
1 2 4 8 9 10 11 14 15 16 17 19 22 29 30 31 32 34 36 38 39 43 46 47 48 53 54 55 60 61 63 64 67 68 72 75 76 78 79 
24
2 6 9 10 15 16 18 20 21 22 27 28 31 32 33 34 35 37 39 40 41 45 48 49 
26
1 3 9 11 12 13 16 19 20 21 22 24 28 29 31 32 33 34 35 37 40 41 43 46 53 54 
33
2 3 6 7 9 13 14 15 20 22 23 25 27 28 29 30 33 34 36 37 38 41 43 44 46 50 51 52 53 60 63 64 65 
37
2 10 13 14 15 17 18 19 20 22 23 26 30 33 35 37 38 41 43 44 45 47 49 51 52 54 57 58 59 61 63 67 68 70 71 73 75 
31
3 5 6 7 10 11 14 15 17 18 23 25 27 28 30 34 35 36 38 40 44 45 47 48 50 52 57 58 61 62 64 
26
1 2 4 6 11 12 16 18 19 21 25 26 27 28 29 30 32 35 38 40 41 44 47 49 51 53 
37
1 3 5 7 12 13 14 15 18 19 20 22 23 29 33 35 36 37 38 39 41 43 46 47 50 57 58 59 61 62 64 66 67 68 69 70 72 
32
7 10 11 16 18 19 20 21 22 23 24 25 27 30 31 35 37 38 41 43 44 45 46 49 50 51 55 57 59 61 63 64 
30
1 2 3 4 7 11 13 14 17 20 23 24 25 26 32 35 39 40 42 44 46 47 49 51 52 53 55 57 58 60 
30
2 3 5 8 9 12 14 15 19 20 22 26 27 28 29 31 35 38 39 41 42 46 48 49 51 53 54 56 58 60 
46
4 6 9 10 11 12 13 16 18 19 20 22 23 27 29 30 37 38 41 45 48 49 50 51 52 53 54 56 62 64 65 66 67 68 72 74 77 79 81 82 84 85 86 88 90 92 
39
4 6 7 12 14 15 18 21 23 24 27 29 32 34 35 39 40 42 43 47 48 49 50 52 53 58 61 64 67 69 70 71 72 73 74 76 78 79 82 
30
3 4 5 6 8 10 14 15 18 19 20 25 26 29 30 35 36 37 38 41 49 51 52 53 54 55 56 57 62 63 
38
1 4 5 6 9 12 13 15 17 20 27 28 29 31 32 33 34 36 37 38 39 43 45 46 49 50 51 55 58 59 61 62 63 68 69 70 71 74 
31
1 3 4 9 10 11 13 15 16 17 19 21 23 25 26 30 33 36 40 41 42 43 45 47 48 49 52 53 54 55 58 
42
1 2 3 7 9 13 14 16 17 20 24 26 28 29 30 32 33 34 36 37 38 39 40 43 45 46 48 57 59 60 65 66 68 70 74 76 79 80 82 84 85 86 
25
1 5 8 9 17 19 20 21 24 25 28 30 31 32 33 34 38 39 40 41 43 44 45 46 50 
34
1 2 3 9 10 12 13 14 17 19 21 25 26 30 31 32 34 37 39 40 44 47 50 52 53 54 55 59 60 62 64 67 68 69 
34
4 7 8 9 10 12 18 20 21 22 23 25 29 35 36 38 39 41 42 44 45 46 48 50 52 54 55 57 58 60 64 65 66 68 
43
1 4 7 8 12 13 19 21 23 26 27 28 31 34 35 36 40 41 43 45 46 47 48 49 51 52 54 55 58 59 60 62 63 66 67 68 71 74 75 79 84 85 87 
35
1 5 7 8 11 17 18 20 24 29 30 32 33 34 35 39 41 42 43 44 45 47 49 53 56 58 60 61 62 64 65 66 67 69 74 
39
1 5 6 7 8 9 13 14 16 25 29 30 31 33 34 36 37 38 39 40 42 43 44 45 46 47 49 52 53 55 58 60 61 64 66 68 73 74 79 
31
1 3 4 8 11 12 15 16 17 18 25 26 29 30 31 33 38 43 45 47 51 52 54 55 56 57 60 61 62 63 64 
32
3 4 5 8 12 13 14 17 22 24 25 29 30 33 36 37 39 40 42 45 46 49 51 52 53 57 58 59 61 62 63 65 
25
1 3 6 9 10 11 13 15 17 18 21 22 28 29 31 33 35 36 37 38 42 44 46 47 50 
38
1 5 6 7 13 15 18 19 26 28 30 31 33 34 35 37 38 41 46 50 51 52 55 56 60 63 64 66 67 68 69 70 71 73 75 76 77 85 
31
4 5 7 8 12 13 16 19 21 23 24 29 30 31 33 34 36 39 40 41 47 49 51 57 59 60 61 62 65 66 67 
38
6 11 14 15 17 24 30 31 33 36 40 41 42 43 45 47 49 50 51 53 54 57 58 59 60 63 64 65 66 69 71 72 73 74 76 78 79 82 
36
1 2 3 4 13 15 16 18 20 22 25 26 27 28 30 31 32 33 34 36 38 39 41 45 48 49 55 56 58 60 65 67 68 69 70 71 
42
2 3 8 10 11 13 14 18 20 21 22 23 28 29 30 31 33 35 36 42 43 44 47 48 49 52 55 56 57 58 59 63 66 68 70 72 81 82 83 84 89 90 
48
1 3 4 5 6 12 13 15 18 21 26 28 29 32 33 34 36 39 41 43 44 45 46 47 48 49 53 56 57 59 62 63 65 66 69 70 74 75 78 80 82 84 86 87 89 91 92 94 
36
1 2 4 6 7 9 10 11 12 15 17 20 23 26 27 29 31 35 38 39 41 46 47 48 51 52 57 58 59 62 64 65 66 67 69 70 
42
2 3 4 6 7 8 14 17 18 20 23 25 28 29 31 33 36 37 40 41 46 47 48 49 50 51 52 56 58 59 61 62 63 67 69 74 75 78 80 81 82 83 
26
1 3 7 9 10 11 17 19 25 26 27 29 30 31 32 34 35 38 39 41 42 43 45 47 50 52 
31
1 3 4 9 12 13 14 15 16 22 24 26 27 29 30 31 32 33 34 35 36 42 44 46 51 52 53 54 56 58 63 
35
1 4 5 6 7 8 10 11 14 15 16 20 21 23 24 27 28 29 30 34 41 42 44 46 49 51 53 55 58 59 60 61 63 66 67 
38
3 4 5 12 13 15 19 20 21 24 28 32 34 35 42 43 46 49 50 51 52 53 55 57 58 59 63 64 65 66 67 68 70 73 76 77 78 81 
28
1 2 4 6 10 11 13 14 15 21 24 26 31 33 36 37 38 42 46 47 48 49 50 52 53 54 55 58 
30
3 4 5 6 8 9 17 18 19 21 23 24 26 28 31 32 34 35 39 40 41 43 44 47 48 49 54 57 60 61 
26
3 4 8 10 11 12 14 16 20 22 23 25 26 27 30 33 35 36 39 41 42 47 48 50 51 52 
30
2 9 10 11 12 16 18 19 20 22 29 30 33 34 36 37 39 40 42 46 47 49 51 53 55 56 61 62 63 65 
26
1 6 8 11 12 13 14 18 19 20 22 23 24 26 27 28 30 32 34 38 40 42 43 48 49 51 
24
3 5 7 8 12 13 15 17 21 23 24 27 28 30 32 33 36 37 42 46 47 48 49 50 
46
1 4 6 7 9 15 16 18 19 21 22 24 25 27 29 30 31 32 38 41 42 43 44 45 46 48 51 52 53 59 66 67 68 69 70 72 76 78 81 82 84 85 87 88 90 93 
38
1 2 5 6 9 10 12 14 18 20 21 22 23 30 33 34 37 38 39 41 42 44 45 46 51 54 55 57 59 61 63 66 68 72 73 74 76 79 
48
1 3 7 9 13 14 15 17 19 21 24 26 28 30 32 35 38 39 41 43 47 49 51 52 53 59 60 62 63 65 67 68 69 70 71 72 73 75 77 78 79 84 85 87 90 97 98 99 
31
2 4 8 11 12 13 15 16 17 18 19 23 24 29 30 31 32 33 36 41 43 44 47 49 50 52 54 55 57 61 64 
30
5 7 8 9 11 13 16 19 20 23 26 27 28 31 32 35 37 39 40 41 44 45 47 49 50 51 53 57 58 61 
24
3 4 6 10 11 12 17 18 19 20 21 22 26 29 30 33 35 36 38 41 42 46 48 52 
45
1 3 9 10 14 19 24 26 28 31 34 35 36 37 39 40 43 44 47 53 54 55 56 57 59 60 61 63 64 65 66 70 73 76 80 81 82 83 85 87 88 89 90 96 98 
27
2 4 6 7 12 13 15 16 20 21 22 23 29 31 32 33 37 39 40 44 46 49 51 52 55 56 57 
25
3 5 9 13 14 15 17 18 19 20 21 23 29 30 33 35 38 39 41 42 43 46 47 48 52 
36
2 4 6 7 9 10 11 12 15 16 17 21 23 24 27 31 33 34 36 39 44 46 47 48 53 55 56 57 58 59 61 62 65 66 70 73 
35
1 2 7 10 12 16 18 20 22 24 25 26 28 30 32 34 36 38 40 41 42 45 46 47 49 51 57 58 60 62 65 66 69 71 72 
26
3 5 8 9 10 12 13 15 17 19 21 22 24 25 30 34 36 39 43 44 46 47 49 52 53 54 
32
1 3 7 9 10 11 12 14 15 16 17 19 22 23 24 26 27 28 34 37 40 41 43 48 50 51 54 58 59 60 61 64 
32
2 4 5 7 10 11 14 16 17 22 23 24 26 31 32 33 36 38 39 40 45 46 47 48 51 52 53 55 57 59 63 64 
36
1 4 5 11 13 14 17 18 23 25 26 27 29 30 33 34 35 38 40 41 43 47 48 49 52 54 55 57 58 60 61 62 66 70 73 74 
29
2 3 4 7 12 14 16 19 21 23 26 27 29 31 33 34 35 36 37 40 46 53 54 55 57 58 59 60 61 
33
2 3 4 6 8 15 18 30 31 33 34 35 36 38 39 41 42 44 45 47 49 51 53 54 55 57 59 60 61 63 66 67 69 
46
6 8 11 16 17 18 20 21 22 23 25 32 35 37 38 39 42 44 47 51 53 54 55 57 58 59 60 61 62 64 65 66 68 69 71 72 75 76 79 81 82 86 92 93 94 95 
35
1 2 3 4 6 9 10 14 15 20 26 28 29 30 32 35 37 39 40 41 43 44 45 46 49 53 55 56 59 62 63 64 67 68 70 
32
1 3 5 6 7 8 10 11 12 13 18 19 26 28 30 31 33 34 35 36 39 40 44 46 48 49 51 52 56 60 62 63 
25
1 2 6 7 8 11 13 14 16 19 20 24 26 29 30 32 33 35 36 39 44 47 49 50 52 
31
2 7 9 11 12 15 16 17 19 21 22 23 30 31 32 33 35 38 42 45 46 47 50 51 52 57 58 59 62 63 65 
40
1 2 3 10 12 14 18 20 23 24 28 30 31 32 35 37 38 39 40 41 44 45 46 49 50 52 54 57 58 59 60 61 63 64 66 67 69 70 71 72 
36
3 4 5 7 8 11 12 13 15 16 17 19 20 22 24 26 29 33 34 35 36 37 38 39 46 47 54 56 60 65 69 70 71 72 74 75 
36
6 7 9 12 13 17 21 23 24 25 26 27 28 29 30 31 35 36 40 41 44 45 46 47 49 50 51 52 55 58 60 62 63 66 68 74 
47
1 4 5 8 9 11 12 13 15 20 21 22 23 24 25 26 32 33 34 35 37 38 39 40 46 49 51 52 54 56 60 63 64 65 66 70 77 78 81 82 84 85 86 89 91 92 95 
33
1 3 10 12 14 17 18 19 21 24 25 28 29 31 32 33 34 37 38 39 44 46 47 50 51 52 55 56 58 62 63 67 68 
41
1 3 4 5 12 13 18 19 20 22 23 24 27 29 30 33 37 38 39 40 44 46 47 49 51 52 55 57 58 59 60 65 66 70 71 72 73 74 77 78 81 
25
1 4 7 10 11 15 17 18 19 21 22 25 26 27 28 32 35 37 38 44 45 46 47 48 52 
47
1 3 5 6 8 10 11 12 15 20 24 27 29 31 35 37 38 39 40 43 46 47 48 49 51 56 60 61 63 64 66 67 69 70 72 73 76 78 79 80 81 88 91 92 93 98 100 
26
1 2 3 5 6 9 10 13 16 17 26 27 28 30 31 34 35 37 39 40 42 48 49 50 52 55 
33
1 3 4 8 9 12 17 19 20 21 22 26 27 28 31 32 34 35 37 38 39 40 43 45 47 48 49 51 55 59 62 63 67 
36
1 2 3 11 12 13 14 16 20 21 25 33 36 37 38 40 42 43 44 46 47 48 49 50 51 53 56 58 60 65 66 69 71 73 74 75 
38
6 8 9 13 14 15 17 19 20 22 24 26 28 31 34 35 40 42 43 44 45 47 49 50 51 53 54 59 61 63 64 68 70 71 73 74 75 77 
