30
1 4 5 6 7 9 11 14 17 18 19 20 21 23 27 30 31 32 33 35 38 39 40 45 47 48 52 57 58 60 
38
3 5 6 7 8 12 13 14 17 21 22 23 25 26 27 29 31 33 34 37 40 42 43 45 47 49 50 52 55 59 61 63 68 69 70 74 75 77 
25
1 3 4 5 8 10 13 14 16 19 21 23 25 26 27 31 32 33 34 35 37 44 45 48 49 
27
1 2 4 9 11 14 16 19 20 21 22 23 26 27 28 29 35 39 41 43 44 45 46 48 49 50 51 
29
3 5 9 13 14 16 19 22 23 25 28 30 32 34 36 37 38 39 41 42 43 46 49 51 55 56 58 62 63 
36
4 6 7 10 11 12 13 14 20 21 22 23 25 27 28 30 32 33 34 36 37 38 39 40 41 47 49 50 51 52 54 66 68 71 72 73 
32
1 2 4 6 9 10 12 13 14 19 20 25 26 27 29 31 37 38 41 42 44 47 48 49 51 52 53 55 57 62 63 64 
42
1 2 3 4 7 9 17 18 21 22 26 28 30 32 33 34 35 36 38 39 42 43 44 47 48 52 55 56 57 60 62 63 65 69 70 74 76 77 79 80 82 83 
34
1 3 5 8 10 14 18 19 24 28 29 34 36 37 39 40 41 45 48 49 50 51 52 53 54 59 61 62 63 65 66 67 70 71 
33
2 5 7 8 12 13 15 20 21 23 25 26 27 28 31 32 33 37 39 41 42 45 48 50 53 56 57 59 60 61 62 64 65 
32
3 4 5 6 9 10 13 15 16 18 19 25 28 30 32 33 35 37 39 41 42 45 46 48 49 51 52 53 56 60 64 65 
35
1 2 3 4 6 12 13 17 18 19 21 22 23 32 33 36 38 40 41 42 45 47 49 50 52 56 57 59 63 64 68 70 72 74 79 
44
2 4 5 8 9 11 13 14 19 20 22 23 25 26 29 35 36 41 45 47 48 49 50 54 57 61 63 66 67 69 70 71 74 75 77 78 81 83 84 85 87 88 89 92 
25
3 6 9 13 16 18 21 22 25 28 29 31 32 33 34 35 36 37 39 46 48 49 51 52 54 
31
1 3 4 5 10 15 16 19 23 24 26 27 29 30 31 32 36 38 39 43 44 45 47 50 52 53 54 55 57 59 60 
28
2 3 5 6 7 9 12 14 17 18 19 20 21 23 25 31 35 36 39 40 49 50 51 52 53 55 56 57 
33
1 3 5 7 8 14 15 18 21 22 24 26 27 28 29 30 33 34 35 36 39 43 45 46 49 51 52 57 58 59 60 62 64 
46
2 3 5 6 9 10 11 14 19 20 24 25 29 31 32 33 35 37 41 42 44 46 49 50 51 52 54 55 63 65 66 67 68 70 75 83 84 86 88 89 90 91 92 93 94 96 
33
1 4 9 12 16 17 21 23 27 28 29 31 32 34 36 37 38 42 43 45 46 47 49 51 52 54 56 57 59 60 61 62 66 
25
1 2 4 7 8 11 13 15 17 18 20 25 26 27 30 31 32 35 39 41 46 47 48 49 50 
44
1 3 5 8 12 15 16 18 19 23 26 28 29 31 32 33 34 36 38 39 43 44 45 46 48 49 51 53 54 57 60 63 64 65 66 67 68 70 72 73 75 77 81 87 
33
2 3 7 9 10 11 13 14 15 17 20 21 22 27 31 33 34 37 41 43 45 46 48 49 50 51 54 57 58 59 60 63 64 
27
2 4 7 8 12 14 17 18 19 20 21 25 26 29 30 35 37 38 39 40 41 43 44 47 54 55 56 
29
4 5 8 9 12 15 18 22 23 24 25 28 30 33 35 38 39 41 42 43 46 47 48 51 53 55 57 61 63 
27
3 5 7 10 12 14 16 18 20 22 26 28 29 30 31 32 33 34 38 41 42 43 45 49 51 53 54 
45
1 2 4 5 9 10 16 18 19 21 29 32 34 35 36 37 38 40 42 46 48 49 52 53 55 60 62 65 67 69 72 74 75 77 78 79 83 84 85 88 89 90 91 92 93 
27
1 3 6 7 8 9 11 14 15 17 18 20 22 23 24 25 30 31 34 39 40 44 45 49 51 53 54 
24
1 2 5 13 15 17 18 20 21 22 23 26 28 30 33 36 37 38 40 43 46 47 48 49 
48
1 3 6 8 10 11 16 17 21 23 24 25 28 30 31 33 35 36 37 38 40 42 45 46 47 48 49 50 51 53 54 56 58 66 67 68 75 76 77 78 81 84 86 91 92 97 98 99 
33
1 5 6 7 9 11 14 15 20 21 22 26 27 31 34 35 36 44 45 46 48 49 50 51 52 54 58 59 62 64 65 67 68 
43
4 5 8 9 13 16 18 20 25 26 27 30 31 32 33 34 35 37 39 42 46 47 48 50 51 53 54 55 60 61 62 65 67 69 71 72 75 76 79 80 81 83 86 
29
1 3 4 6 7 8 11 12 14 16 17 22 26 28 31 32 33 36 37 38 42 43 45 47 48 49 52 54 56 
32
1 5 10 11 13 14 15 16 17 18 20 21 28 29 33 35 38 40 42 44 45 46 50 51 53 54 55 57 61 63 64 65 
37
2 5 10 13 16 17 20 21 23 24 25 26 28 29 32 33 34 37 38 40 41 43 44 46 48 49 51 52 53 56 58 63 66 68 69 75 77 
39
1 2 4 11 13 16 17 18 20 22 26 28 32 33 34 36 38 41 42 43 45 46 48 50 51 54 55 56 57 61 62 64 65 67 70 72 78 79 80 
30
2 3 7 11 12 16 17 21 27 28 32 34 35 36 37 40 41 42 44 45 46 49 50 55 58 59 60 61 63 64 
32
1 3 4 6 7 8 14 16 18 22 23 25 27 29 31 32 33 36 37 39 41 42 45 47 49 51 53 54 56 59 61 62 
37
1 2 4 9 11 13 14 16 17 18 20 23 25 27 28 29 31 34 41 45 46 47 49 50 52 55 56 57 58 62 65 68 69 70 71 72 74 
49
5 9 10 13 14 15 16 17 18 19 20 22 23 29 35 36 37 39 42 43 44 45 47 48 56 59 60 61 62 63 65 66 68 71 74 75 76 78 79 80 81 82 85 86 88 89 90 93 96 
41
1 3 8 9 10 11 13 16 17 24 25 27 28 30 33 35 36 37 40 41 45 46 47 48 52 53 54 55 59 61 62 64 65 66 71 72 76 77 78 79 83 
44
1 3 5 6 7 9 10 12 16 18 19 21 23 25 27 29 31 34 46 48 50 52 54 56 58 61 63 65 67 69 71 77 78 79 84 86 88 89 90 91 92 93 94 95 
35
1 2 3 4 5 7 8 10 11 15 16 21 22 30 34 35 36 38 42 43 44 46 47 48 52 53 54 56 58 60 61 62 64 69 70 
38
3 6 7 8 10 12 14 16 17 21 22 23 26 30 32 33 35 36 37 38 41 43 44 45 48 50 51 57 58 62 64 68 69 70 73 74 75 76 
25
4 5 7 13 14 15 18 21 23 24 26 29 31 35 36 37 40 41 43 45 46 47 48 50 51 
28
4 5 6 7 10 12 13 20 21 22 24 29 31 32 37 38 39 41 46 47 48 49 51 52 53 54 55 56 
41
1 8 10 11 13 17 18 19 21 23 24 25 26 32 33 34 35 36 38 40 41 42 43 46 48 49 50 51 52 53 54 57 60 63 68 70 71 72 73 75 77 
25
4 6 7 8 10 13 19 20 23 24 25 27 28 29 33 34 36 37 40 43 45 46 48 49 50 
33
2 5 10 14 15 17 18 19 22 26 27 29 31 37 38 39 40 41 42 43 44 46 47 50 52 54 55 57 59 60 63 66 69 
31
4 8 12 16 17 23 24 27 28 30 31 33 34 35 36 37 38 39 41 43 44 45 46 48 53 54 59 60 61 63 64 
24
1 5 7 10 12 13 15 16 17 19 21 23 26 28 32 35 39 40 41 43 44 47 49 50 
34
1 2 3 4 5 8 13 16 17 19 21 22 26 31 32 33 34 39 40 42 44 45 50 51 52 56 58 60 61 63 65 67 68 69 
31
1 3 5 8 10 16 17 19 23 24 26 27 30 31 32 35 38 40 41 45 46 48 49 50 54 56 59 60 61 63 64 
36
1 2 3 4 5 10 11 15 20 22 23 26 28 31 34 35 36 38 39 40 42 47 50 52 53 54 56 60 61 63 64 67 68 69 70 73 
31
2 3 7 8 9 10 12 13 15 17 18 19 22 23 24 28 29 30 32 33 40 41 42 45 47 50 52 53 56 57 63 
40
1 2 7 9 10 11 14 15 16 17 19 23 25 27 31 34 37 38 39 43 44 46 47 48 50 54 59 60 65 66 67 69 71 72 73 74 77 79 81 82 
27
3 4 5 6 7 8 10 11 16 25 27 28 29 32 35 36 38 39 43 44 45 47 48 49 52 53 54 
33
2 4 5 6 15 16 17 18 19 20 22 23 29 30 31 33 37 39 42 43 45 46 47 51 52 53 54 56 59 60 63 64 65 
38
1 4 7 9 12 13 16 18 21 23 24 26 28 30 31 33 34 36 38 39 40 44 45 46 48 49 50 51 52 53 62 66 71 73 74 76 77 79 
28
2 4 6 7 8 9 15 18 19 20 21 26 27 30 32 34 35 38 40 41 43 44 50 51 52 53 54 58 
27
1 2 6 9 11 13 14 17 18 19 20 21 25 27 30 32 33 34 35 42 46 48 49 51 52 54 56 
49
2 4 5 7 9 15 16 17 18 20 21 23 25 26 27 29 33 34 35 36 39 42 44 49 53 56 57 58 60 61 63 66 67 68 72 79 80 81 84 86 87 89 93 94 95 97 98 99 100 
27
2 3 8 9 14 15 16 18 19 23 25 27 30 34 39 40 41 43 45 46 48 50 51 52 53 56 57 
26
1 4 7 10 12 13 14 15 18 21 22 25 29 30 33 35 36 39 40 42 43 44 48 49 50 54 
41
2 4 5 6 9 12 15 17 18 19 20 21 22 23 25 32 34 38 39 40 41 42 43 46 47 54 55 56 60 67 68 72 74 75 78 79 80 82 83 84 86 
29
2 3 6 7 9 11 13 17 18 22 24 25 26 28 29 32 33 34 35 37 38 44 47 49 52 53 54 55 56 
31
1 2 5 8 9 10 12 14 15 18 20 23 27 28 33 34 36 37 42 45 48 49 50 51 53 56 57 58 59 60 64 
47
5 6 7 8 10 12 15 16 17 20 22 24 26 27 28 32 33 34 35 36 43 45 46 47 48 49 50 60 61 64 65 67 70 73 77 79 80 82 86 87 88 92 93 94 95 97 99 
25
1 2 3 5 8 12 13 16 17 18 21 24 25 27 30 34 35 36 39 40 42 43 46 48 49 
44
1 4 7 10 12 13 17 18 19 20 21 28 29 31 32 33 37 38 39 42 43 46 48 50 51 52 54 55 61 62 63 64 66 67 69 71 72 74 76 79 80 84 87 88 
47
3 5 6 10 15 16 17 20 21 22 24 26 28 30 31 33 35 36 42 43 44 46 48 49 53 57 58 62 63 67 68 69 73 74 75 78 79 82 83 85 87 88 89 92 94 96 97 
35
1 2 3 6 7 13 15 18 20 23 24 25 27 28 31 32 40 43 46 47 48 49 50 51 53 55 59 61 63 66 67 68 69 70 71 
30
8 9 11 12 16 17 18 19 21 23 27 29 30 31 34 37 40 42 45 46 52 53 54 55 56 58 59 60 62 64 
46
2 3 4 9 11 13 17 19 21 22 24 25 29 31 35 36 37 38 39 41 42 44 50 52 56 58 60 62 66 67 68 72 74 77 78 80 81 82 83 86 87 89 91 93 94 96 
42
4 5 7 9 11 12 15 16 17 21 22 26 28 33 34 35 37 39 40 42 43 45 47 48 50 52 55 63 66 68 69 71 72 73 76 77 79 81 82 83 87 88 
27
2 3 4 7 12 13 16 17 18 19 21 27 29 31 33 36 39 40 45 46 47 48 50 51 54 55 56 
31
4 5 6 7 8 9 10 11 12 13 15 16 17 21 23 26 27 28 35 36 37 42 43 45 48 49 51 52 60 61 63 
25
6 7 9 10 12 13 15 16 20 24 25 26 29 30 32 33 34 36 37 39 41 42 43 49 50 
28
5 6 7 9 12 17 18 19 21 26 27 28 29 31 33 35 37 38 40 43 46 49 51 52 53 55 57 58 
35
3 5 7 8 10 12 13 16 20 22 23 25 26 28 30 34 35 36 38 39 42 43 45 46 48 49 51 53 54 56 58 60 61 65 67 
35
3 5 6 8 10 11 14 17 20 21 24 26 30 31 35 39 41 45 47 48 49 51 53 54 56 57 61 63 64 67 69 72 74 75 76 
41
1 3 4 5 6 7 8 9 10 12 15 16 17 19 20 23 24 27 29 35 36 44 45 46 47 48 49 51 57 59 60 62 63 65 66 68 70 73 75 76 80 
38
2 3 6 7 8 12 13 15 17 18 23 24 25 28 30 31 32 36 37 45 46 48 49 50 51 52 55 58 59 60 63 64 65 67 71 73 77 79 
36
2 5 8 9 10 14 15 16 17 18 19 21 24 25 28 31 32 35 38 39 41 42 45 53 54 55 56 58 62 63 65 68 70 72 75 76 
34
1 5 6 8 10 11 13 14 16 17 18 20 23 24 26 29 31 33 39 40 42 43 44 45 46 48 51 55 58 59 62 65 66 68 
26
2 6 9 10 11 13 16 17 19 21 22 23 26 28 30 31 33 34 35 42 47 48 50 51 52 55 
28
3 5 7 8 9 11 12 15 16 18 20 22 28 31 35 38 39 40 41 43 45 46 47 49 51 53 57 58 
32
2 6 7 14 17 18 20 23 24 26 28 29 30 32 34 35 38 41 42 43 44 47 49 50 51 54 55 56 58 62 63 65 
37
1 5 6 8 9 10 11 14 15 16 18 19 21 22 25 26 30 31 34 36 37 38 39 41 42 43 45 52 55 57 58 67 68 69 72 73 74 
32
4 6 7 8 10 11 14 15 17 18 20 29 32 34 35 36 38 39 40 41 42 43 44 46 48 51 54 56 58 59 62 63 
25
1 8 9 10 11 13 15 17 19 20 26 29 30 32 33 34 35 36 37 39 40 42 46 49 50 
33
1 2 3 4 5 6 7 11 12 13 14 15 17 18 20 21 26 33 34 35 36 39 40 51 53 55 58 59 61 62 64 65 66 
32
1 2 3 6 7 13 14 15 19 20 22 24 26 27 31 33 35 36 37 38 39 44 45 46 48 49 51 54 56 57 58 60 
45
2 4 8 11 12 13 17 18 22 23 24 25 27 29 33 35 37 39 41 45 46 48 51 52 53 56 57 58 59 64 65 66 69 73 74 76 77 83 84 85 88 89 90 91 93 
36
5 7 8 9 10 12 14 15 19 24 25 27 29 30 31 33 36 37 38 40 43 44 46 48 49 50 52 55 56 59 63 66 69 70 71 73 
32
1 3 5 6 7 9 11 12 13 16 19 22 24 26 27 28 31 33 34 36 38 39 44 46 47 53 54 55 57 58 59 64 
37
4 6 7 8 10 14 15 18 19 20 23 26 27 28 29 32 34 35 36 38 39 40 42 44 47 48 49 50 51 60 61 62 63 67 72 74 76 
27
1 2 6 7 8 9 13 14 15 19 25 28 29 30 32 33 35 36 40 42 44 46 47 48 50 51 52 
25
1 3 9 10 11 12 13 20 21 22 23 24 25 27 31 32 33 38 40 42 43 45 46 48 49 
27
2 3 5 10 13 16 18 19 21 22 23 24 26 33 36 37 40 41 42 43 44 45 47 49 50 54 55 
38
1 2 5 6 7 10 11 14 15 19 20 23 24 28 29 30 32 38 39 41 43 44 45 47 48 49 51 52 57 58 61 62 66 69 71 74 76 77 
